<?xml version="1.0" encoding="UTF-8"?>
<testsuite xmlns:xsi="http://www.w3.org/2001/XMLSchema-instance" xsi:noNamespaceSchemaLocation="https://maven.apache.org/surefire/maven-surefire-plugin/xsd/surefire-test-report-3.0.xsd" version="3.0" name="com.nhnacademy.blogapi.BlogapiApplicationTests" time="4.007" tests="1" errors="0" skipped="0" failures="0">
  <properties>
[...]
</properties>
  <testcase name="contextLoads" classname="com.nhnacademy.blogapi.BlogapiApplicationTests" time="0.319">
    <system-out><![CDATA[11:13:01.956 [main] INFO org.springframework.test.context.support.AnnotationConfigContextLoaderUtils -- Could not detect default configuration classes for test class [com.nhnacademy.blogapi.BlogapiApplicationTests]: BlogapiApplicationTests does not declare any static, non-private, non-final, nested classes annotated with @Configuration.
11:13:02.027 [main] INFO org.springframework.boot.test.context.SpringBootTestContextBootstrapper -- Found @SpringBootConfiguration com.nhnacademy.blogapi.BlogapiApplication for test class com.nhnacademy.blogapi.BlogapiApplicationTests

  .   ____          _            __ _ _
 /\\ / ___'_ __ _ _(_)_ __  __ _ \ \ \ \
( ( )\___ | '_ | '_| | '_ \/ _` | \ \ \ \
 \\/  ___)| |_)| | | | | || (_| |  ) ) ) )
  '  |____| .__|_| |_|_| |_\__, | / / / /
 =========|_|==============|___/=/_/_/_/

 :: Spring Boot ::                (v3.4.3)

2025-03-13T11:13:02.306+09:00  INFO 36960 --- [blogapi] [           main] c.n.blogapi.BlogapiApplicationTests      : Starting BlogapiApplicationTests using Java 21.0.6 with PID 36960 (started by nhnacademy in /home/nhnacademy/IdeaProjects/spring-blog-exercise-step10/blog-api)
2025-03-13T11:13:02.307+09:00  INFO 36960 --- [blogapi] [           main] c.n.blogapi.BlogapiApplicationTests      : The following 1 profile is active: "dev"
2025-03-13T11:13:02.690+09:00  INFO 36960 --- [blogapi] [           main] .s.d.r.c.RepositoryConfigurationDelegate : Bootstrapping Spring Data JPA repositories in DEFAULT mode.
2025-03-13T11:13:02.735+09:00  INFO 36960 --- [blogapi] [           main] .s.d.r.c.RepositoryConfigurationDelegate : Finished Spring Data repository scanning in 40 ms. Found 7 JPA repository interfaces.
2025-03-13T11:13:03.075+09:00  INFO 36960 --- [blogapi] [           main] o.hibernate.jpa.internal.util.LogHelper  : HHH000204: Processing PersistenceUnitInfo [name: default]
2025-03-13T11:13:03.099+09:00  INFO 36960 --- [blogapi] [           main] org.hibernate.Version                    : HHH000412: Hibernate ORM core version 6.6.8.Final
2025-03-13T11:13:03.129+09:00  INFO 36960 --- [blogapi] [           main] o.h.c.internal.RegionFactoryInitiator    : HHH000026: Second-level cache disabled
2025-03-13T11:13:03.275+09:00  INFO 36960 --- [blogapi] [           main] o.s.o.j.p.SpringPersistenceUnitInfo      : No LoadTimeWeaver setup: ignoring JPA class transformer
2025-03-13T11:13:04.270+09:00  INFO 36960 --- [blogapi] [           main] org.hibernate.orm.connections.pooling    : HHH10001005: Database info:
	Database JDBC URL [Connecting through datasource 'org.apache.commons.dbcp2.BasicDataSource@33feda48']
	Database driver: undefined/unknown
	Database version: 8.0.40
	Autocommit mode: undefined/unknown
	Isolation level: undefined/unknown
	Minimum pool size: undefined/unknown
	Maximum pool size: undefined/unknown
2025-03-13T11:13:04.782+09:00  INFO 36960 --- [blogapi] [           main] o.h.e.t.j.p.i.JtaPlatformInitiator       : HHH000489: No JTA platform available (set 'hibernate.transaction.jta.platform' to enable JTA platform integration)
2025-03-13T11:13:04.855+09:00  INFO 36960 --- [blogapi] [           main] j.LocalContainerEntityManagerFactoryBean : Initialized JPA EntityManagerFactory for persistence unit 'default'
2025-03-13T11:13:05.167+09:00 TRACE 36960 --- [blogapi] [           main] eGlobalAuthenticationAutowiredConfigurer : Eagerly initializing {securityConfig=com.nhnacademy.blogapi.common.config.SecurityConfig$$SpringCGLIB$$0@3be2ef56}
2025-03-13T11:13:05.170+09:00  INFO 36960 --- [blogapi] [           main] r$InitializeUserDetailsManagerConfigurer : Global AuthenticationManager configured with UserDetailsService bean with name memberDetailService
2025-03-13T11:13:05.369+09:00 DEBUG 36960 --- [blogapi] [           main] o.s.s.web.DefaultSecurityFilterChain     : Will secure any request with filters: DisableEncodeUrlFilter, WebAsyncManagerIntegrationFilter, SecurityContextHolderFilter, HeaderWriterFilter, LogoutFilter, UsernamePasswordAuthenticationFilter, ConcurrentSessionFilter, RequestCacheAwareFilter, SecurityContextHolderAwareRequestFilter, AnonymousAuthenticationFilter, SessionManagementFilter, ExceptionTranslationFilter, AuthorizationFilter
2025-03-13T11:13:05.374+09:00  WARN 36960 --- [blogapi] [           main] o.s.s.c.a.web.builders.WebSecurity       : 

********************************************************************
**********        Security debugging is enabled.       *************
**********    This may include sensitive information.  *************
**********      Do not use in a production system!     *************
********************************************************************


2025-03-13T11:13:05.554+09:00  INFO 36960 --- [blogapi] [           main] c.n.blogapi.BlogapiApplicationTests      : Started BlogapiApplicationTests in 3.465 seconds (process running for 3.95)
]]></system-out>
    <system-err><![CDATA[Mockito is currently self-attaching to enable the inline-mock-maker. This will no longer work in future releases of the JDK. Please add Mockito as an agent to your build what is described in Mockito's documentation: https://javadoc.io/doc/org.mockito/mockito-core/latest/org/mockito/Mockito.html#0.3
WARNING: A Java agent has been loaded dynamically (/home/nhnacademy/.m2/repository/net/bytebuddy/byte-buddy-agent/1.15.11/byte-buddy-agent-1.15.11.jar)
WARNING: If a serviceability tool is in use, please run with -XX:+EnableDynamicAgentLoading to hide this warning
WARNING: If a serviceability tool is not in use, please run with -Djdk.instrument.traceUsage for more information
WARNING: Dynamic loading of agents will be disallowed by default in a future release
]]></system-err>
  </testcase>
</testsuite>